<?xml version="1.0" encoding="UTF-8"?>
<!-- Generated by org.testng.reporters.JUnitXMLReporter -->
<testsuite ignored="0" hostname="DESKTOP-S42SFQ5" failures="1" tests="1" name="FireFoxTest" time="18.505" errors="0" timestamp="2024-01-01T23:44:53 EST">
  <testcase classname="test.HomePageTest" name="getMyQuoteTest" time="5.574">
    <failure type="org.openqa.selenium.ElementClickInterceptedException" message="Element &amp;lt;a class=&amp;quot;modal-trigger btn btn--primary btn--full-mobile&amp;quot; href=&amp;quot;#&amp;quot;&amp;gt; is not clickable at point (341,25) because another element &amp;lt;header id=&amp;quot;primary-header&amp;quot;&amp;gt; obscures it
Build info: version: &amp;apos;4.15.0&amp;apos;, revision: &amp;apos;1d14b5521b&amp;apos;
System info: os.name: &amp;apos;Windows 11&amp;apos;, os.arch: &amp;apos;amd64&amp;apos;, os.version: &amp;apos;10.0&amp;apos;, java.version: &amp;apos;11.0.17&amp;apos;
Driver info: org.openqa.selenium.firefox.FirefoxDriver
Command: [681ae4e4-f603-42fb-b2c7-49fe6f2545ac, clickElement {id=d0feae7b-82f9-4254-bd46-1b491f3d413a}]
Capabilities {acceptInsecureCerts: true, browserName: firefox, browserVersion: 121.0, moz:accessibilityChecks: false, moz:buildID: 20231211174248, moz:debuggerAddress: 127.0.0.1:30760, moz:geckodriverVersion: 0.33.0, moz:headless: false, moz:platformVersion: 10.0, moz:processID: 19760, moz:profile: C:\Users\TANIAS~1\AppData\L..., moz:shutdownTimeout: 60000, moz:webdriverClick: true, moz:windowless: false, pageLoadStrategy: normal, platformName: windows, proxy: Proxy(), se:cdp: ws://127.0.0.1:30760/devtoo..., se:cdpVersion: 85.0, setWindowRect: true, strictFileInteractability: false, timeouts: {implicit: 0, pageLoad: 300000, script: 30000}, unhandledPromptBehavior: dismiss and notify}
Element: [[FirefoxDriver: firefox on windows (681ae4e4-f603-42fb-b2c7-49fe6f2545ac)] -&amp;gt; xpath: //div[@id=&amp;apos;bundleModalBtn&amp;apos;]/p/a]
Session ID: 681ae4e4-f603-42fb-b2c7-49fe6f2545ac">
      <![CDATA[org.openqa.selenium.ElementClickInterceptedException: Element <a class="modal-trigger btn btn--primary btn--full-mobile" href="#"> is not clickable at point (341,25) because another element <header id="primary-header"> obscures it
Build info: version: '4.15.0', revision: '1d14b5521b'
System info: os.name: 'Windows 11', os.arch: 'amd64', os.version: '10.0', java.version: '11.0.17'
Driver info: org.openqa.selenium.firefox.FirefoxDriver
Command: [681ae4e4-f603-42fb-b2c7-49fe6f2545ac, clickElement {id=d0feae7b-82f9-4254-bd46-1b491f3d413a}]
Capabilities {acceptInsecureCerts: true, browserName: firefox, browserVersion: 121.0, moz:accessibilityChecks: false, moz:buildID: 20231211174248, moz:debuggerAddress: 127.0.0.1:30760, moz:geckodriverVersion: 0.33.0, moz:headless: false, moz:platformVersion: 10.0, moz:processID: 19760, moz:profile: C:\Users\TANIAS~1\AppData\L..., moz:shutdownTimeout: 60000, moz:webdriverClick: true, moz:windowless: false, pageLoadStrategy: normal, platformName: windows, proxy: Proxy(), se:cdp: ws://127.0.0.1:30760/devtoo..., se:cdpVersion: 85.0, setWindowRect: true, strictFileInteractability: false, timeouts: {implicit: 0, pageLoad: 300000, script: 30000}, unhandledPromptBehavior: dismiss and notify}
Element: [[FirefoxDriver: firefox on windows (681ae4e4-f603-42fb-b2c7-49fe6f2545ac)] -> xpath: //div[@id='bundleModalBtn']/p/a]
Session ID: 681ae4e4-f603-42fb-b2c7-49fe6f2545ac
at org.openqa.selenium.remote.codec.w3c.W3CHttpResponseCodec.createException(W3CHttpResponseCodec.java:200)
at org.openqa.selenium.remote.codec.w3c.W3CHttpResponseCodec.decode(W3CHttpResponseCodec.java:133)
at org.openqa.selenium.remote.codec.w3c.W3CHttpResponseCodec.decode(W3CHttpResponseCodec.java:52)
at org.openqa.selenium.remote.HttpCommandExecutor.execute(HttpCommandExecutor.java:191)
at org.openqa.selenium.remote.service.DriverCommandExecutor.invokeExecute(DriverCommandExecutor.java:200)
at org.openqa.selenium.remote.service.DriverCommandExecutor.execute(DriverCommandExecutor.java:175)
at org.openqa.selenium.remote.RemoteWebDriver.execute(RemoteWebDriver.java:607)
at org.openqa.selenium.remote.RemoteWebElement.execute(RemoteWebElement.java:224)
at org.openqa.selenium.remote.RemoteWebElement.click(RemoteWebElement.java:77)
at org.openqa.selenium.support.pagefactory.internal.LocatingElementHandler.invoke(LocatingElementHandler.java:51)
at com.sun.proxy.$Proxy15.click(Unknown Source)
at common.CommonActions.clickElement(CommonActions.java:104)
at pages.HomePage.getMyQuote(HomePage.java:36)
at test.HomePageTest.getMyQuoteTest(HomePageTest.java:13)
at java.base/java.util.ArrayList.forEach(ArrayList.java:1541)
... Removed 35 stack frames]]>
    </failure>
  </testcase> <!-- getMyQuoteTest -->
</testsuite> <!-- FireFoxTest -->
