<?xml version="1.0" encoding="UTF-8"?>
<!-- Generated by org.testng.reporters.JUnitXMLReporter -->
<testsuite ignored="0" hostname="DESKTOP-S42SFQ5" failures="1" tests="1" name="Test" time="52.587" errors="0" timestamp="2024-01-02T07:41:43 EST">
  <testcase classname="test.StartMyQuotePageTest" name="getMyQuoteTest" time="46.947">
    <failure type="java.lang.NullPointerException">
      <![CDATA[java.lang.NullPointerException
at pages.StartMyQuotePage.inputFirstAndLastName(StartMyQuotePage.java:315)
at test.StartMyQuotePageTest.getMyQuoteTest(StartMyQuotePageTest.java:14)
at java.base/java.util.ArrayList.forEach(ArrayList.java:1541)
... Removed 27 stack frames]]>
    </failure>
  </testcase> <!-- getMyQuoteTest -->
</testsuite> <!-- Test -->
