<?xml version="1.0" encoding="UTF-8"?>
<testng-results ignored="0" total="1" passed="0" failed="1" skipped="0">
  <reporter-output>
    <line>
      <![CDATA[[[ChromeDriver: chrome on windows (344c635e3f5d084dd3c1278e0176594c)] -> xpath: //div[@id='bundleModalBtn']/p/a]<---------> is Enabled, true<br>]]>
    </line>
    <line>
      <![CDATA[[[ChromeDriver: chrome on windows (344c635e3f5d084dd3c1278e0176594c)] -> xpath: //div[@id='bundleModalBtn']/p/a] ---> Actual text : Start My Quote. Expected text : Start My Quote<br>]]>
    </line>
    <line>
      <![CDATA[[[ChromeDriver: chrome on windows (344c635e3f5d084dd3c1278e0176594c)] -> xpath: //div[@id='bundleModalBtn']/p/a]<---------> has been clicked<br>]]>
    </line>
    <line>
      <![CDATA[Sleeping ... zZz 2<br>]]>
    </line>
    <line>
      <![CDATA[[[ChromeDriver: chrome on windows (344c635e3f5d084dd3c1278e0176594c)] -> xpath: (//h2[@class='modal-headline'])[1]] ---> Actual Header : You're getting an auto quote today!. Expected Header : You're getting an auto quote today!<br>]]>
    </line>
    <line>
      <![CDATA[11432 <-----> has been put into <-----> [[ChromeDriver: chrome on windows (344c635e3f5d084dd3c1278e0176594c)] -> name: POL_ratedZip5] and then clicked by Enter Key<br>]]>
    </line>
    <line>
      <![CDATA[[[ChromeDriver: chrome on windows (344c635e3f5d084dd3c1278e0176594c)] -> xpath: //strong[contains(text(), 'Want to')]] ---> Actual Sub Header : Want to bundle your policy?. Expected SubHeader : Want to bundle your policy?<br>]]>
    </line>
    <line>
      <![CDATA[Sleeping ... zZz 2<br>]]>
    </line>
    <line>
      <![CDATA[[[ChromeDriver: chrome on windows (344c635e3f5d084dd3c1278e0176594c)] -> xpath: (//div[@class='product-checkbox'])[8]]<---------> has been clicked<br>]]>
    </line>
    <line>
      <![CDATA[Proxy element for: DefaultElementLocator 'By.xpath: //input[@data-quote-start] '<---------> has been clicked<br>]]>
    </line>
    <line>
      <![CDATA[Sleeping ... zZz 2<br>]]>
    </line>
    <line>
      <![CDATA[[[ChromeDriver: chrome on windows (344c635e3f5d084dd3c1278e0176594c)] -> xpath: //h3[contains(text(), 'Let’s')]] ---> Actual Header : Let’s get started.. Expected Header : Let’s get started.<br>]]>
    </line>
    <line>
      <![CDATA[10/18/1973 <-----> has been put into <-----> [[ChromeDriver: chrome on windows (344c635e3f5d084dd3c1278e0176594c)] -> xpath: //input[contains(@id, 'Id_GiveDate')]]<br>]]>
    </line>
    <line>
      <![CDATA[Proxy element for: DefaultElementLocator 'By.xpath: //button[contains(@id, 'Id_Give')]'<---------> has been clicked<br>]]>
    </line>
    <line>
      <![CDATA[Sleeping ... zZz 2<br>]]>
    </line>
  </reporter-output>
  <suite started-at="2024-01-02T07:43:58 EST" name="Default suite" finished-at="2024-01-02T07:44:53 EST" duration-ms="55224">
    <groups>
    </groups>
    <test started-at="2024-01-02T07:43:58 EST" name="Default test" finished-at="2024-01-02T07:44:53 EST" duration-ms="55224">
      <class name="test.StartMyQuotePageTest">
        <test-method is-config="true" signature="beforeClassSetUp()[pri:0, instance:test.StartMyQuotePageTest@47e2e487]" started-at="2024-01-02T07:43:58 EST" name="beforeClassSetUp" finished-at="2024-01-02T07:43:58 EST" duration-ms="14" status="PASS">
          <reporter-output>
          </reporter-output>
        </test-method> <!-- beforeClassSetUp -->
        <test-method is-config="true" signature="setUP(java.lang.String)[pri:0, instance:test.StartMyQuotePageTest@47e2e487]" started-at="2024-01-02T07:43:58 EST" name="setUP" finished-at="2024-01-02T07:44:04 EST" duration-ms="5614" status="PASS">
          <params>
            <param index="0">
              <value>
                <![CDATA[chrome]]>
              </value>
            </param>
          </params>
          <reporter-output>
          </reporter-output>
        </test-method> <!-- setUP -->
        <test-method signature="getMyQuoteTest()[pri:0, instance:test.StartMyQuotePageTest@47e2e487]" started-at="2024-01-02T07:44:04 EST" name="getMyQuoteTest" finished-at="2024-01-02T07:44:53 EST" duration-ms="49341" status="FAIL">
          <exception class="java.lang.NullPointerException">
            <full-stacktrace>
              <![CDATA[java.lang.NullPointerException
at pages.StartMyQuotePage.inputFirstAndLastName(StartMyQuotePage.java:315)
at test.StartMyQuotePageTest.getMyQuoteTest(StartMyQuotePageTest.java:14)
at java.base/jdk.internal.reflect.NativeMethodAccessorImpl.invoke0(Native Method)
at java.base/jdk.internal.reflect.NativeMethodAccessorImpl.invoke(NativeMethodAccessorImpl.java:62)
at java.base/jdk.internal.reflect.DelegatingMethodAccessorImpl.invoke(DelegatingMethodAccessorImpl.java:43)
at java.base/java.lang.reflect.Method.invoke(Method.java:566)
at org.testng.internal.MethodInvocationHelper.invokeMethod(MethodInvocationHelper.java:133)
at org.testng.internal.TestInvoker.invokeMethod(TestInvoker.java:598)
at org.testng.internal.TestInvoker.invokeTestMethod(TestInvoker.java:173)
at org.testng.internal.MethodRunner.runInSequence(MethodRunner.java:46)
at org.testng.internal.TestInvoker$MethodInvocationAgent.invoke(TestInvoker.java:824)
at org.testng.internal.TestInvoker.invokeTestMethods(TestInvoker.java:146)
at org.testng.internal.TestMethodWorker.invokeTestMethods(TestMethodWorker.java:146)
at org.testng.internal.TestMethodWorker.run(TestMethodWorker.java:128)
at java.base/java.util.ArrayList.forEach(ArrayList.java:1541)
at org.testng.TestRunner.privateRun(TestRunner.java:794)
at org.testng.TestRunner.run(TestRunner.java:596)
at org.testng.SuiteRunner.runTest(SuiteRunner.java:377)
at org.testng.SuiteRunner.runSequentially(SuiteRunner.java:371)
at org.testng.SuiteRunner.privateRun(SuiteRunner.java:332)
at org.testng.SuiteRunner.run(SuiteRunner.java:276)
at org.testng.SuiteRunnerWorker.runSuite(SuiteRunnerWorker.java:53)
at org.testng.SuiteRunnerWorker.run(SuiteRunnerWorker.java:96)
at org.testng.TestNG.runSuitesSequentially(TestNG.java:1212)
at org.testng.TestNG.runSuitesLocally(TestNG.java:1134)
at org.testng.TestNG.runSuites(TestNG.java:1063)
at org.testng.TestNG.run(TestNG.java:1031)
at org.testng.remote.AbstractRemoteTestNG.run(AbstractRemoteTestNG.java:115)
at org.testng.remote.RemoteTestNG.initAndRun(RemoteTestNG.java:251)
at org.testng.remote.RemoteTestNG.main(RemoteTestNG.java:77)
]]>
            </full-stacktrace>
          </exception> <!-- java.lang.NullPointerException -->
          <reporter-output>
            <line>
              <![CDATA[[[ChromeDriver: chrome on windows (344c635e3f5d084dd3c1278e0176594c)] -> xpath: //div[@id='bundleModalBtn']/p/a]<---------> is Enabled, true<br>]]>
            </line>
            <line>
              <![CDATA[[[ChromeDriver: chrome on windows (344c635e3f5d084dd3c1278e0176594c)] -> xpath: //div[@id='bundleModalBtn']/p/a] ---> Actual text : Start My Quote. Expected text : Start My Quote<br>]]>
            </line>
            <line>
              <![CDATA[[[ChromeDriver: chrome on windows (344c635e3f5d084dd3c1278e0176594c)] -> xpath: //div[@id='bundleModalBtn']/p/a]<---------> has been clicked<br>]]>
            </line>
            <line>
              <![CDATA[Sleeping ... zZz 2<br>]]>
            </line>
            <line>
              <![CDATA[[[ChromeDriver: chrome on windows (344c635e3f5d084dd3c1278e0176594c)] -> xpath: (//h2[@class='modal-headline'])[1]] ---> Actual Header : You're getting an auto quote today!. Expected Header : You're getting an auto quote today!<br>]]>
            </line>
            <line>
              <![CDATA[11432 <-----> has been put into <-----> [[ChromeDriver: chrome on windows (344c635e3f5d084dd3c1278e0176594c)] -> name: POL_ratedZip5] and then clicked by Enter Key<br>]]>
            </line>
            <line>
              <![CDATA[[[ChromeDriver: chrome on windows (344c635e3f5d084dd3c1278e0176594c)] -> xpath: //strong[contains(text(), 'Want to')]] ---> Actual Sub Header : Want to bundle your policy?. Expected SubHeader : Want to bundle your policy?<br>]]>
            </line>
            <line>
              <![CDATA[Sleeping ... zZz 2<br>]]>
            </line>
            <line>
              <![CDATA[[[ChromeDriver: chrome on windows (344c635e3f5d084dd3c1278e0176594c)] -> xpath: (//div[@class='product-checkbox'])[8]]<---------> has been clicked<br>]]>
            </line>
            <line>
              <![CDATA[Proxy element for: DefaultElementLocator 'By.xpath: //input[@data-quote-start] '<---------> has been clicked<br>]]>
            </line>
            <line>
              <![CDATA[Sleeping ... zZz 2<br>]]>
            </line>
            <line>
              <![CDATA[[[ChromeDriver: chrome on windows (344c635e3f5d084dd3c1278e0176594c)] -> xpath: //h3[contains(text(), 'Let’s')]] ---> Actual Header : Let’s get started.. Expected Header : Let’s get started.<br>]]>
            </line>
            <line>
              <![CDATA[10/18/1973 <-----> has been put into <-----> [[ChromeDriver: chrome on windows (344c635e3f5d084dd3c1278e0176594c)] -> xpath: //input[contains(@id, 'Id_GiveDate')]]<br>]]>
            </line>
            <line>
              <![CDATA[Proxy element for: DefaultElementLocator 'By.xpath: //button[contains(@id, 'Id_Give')]'<---------> has been clicked<br>]]>
            </line>
            <line>
              <![CDATA[Sleeping ... zZz 2<br>]]>
            </line>
          </reporter-output>
        </test-method> <!-- getMyQuoteTest -->
        <test-method is-config="true" signature="tearUp()[pri:0, instance:test.StartMyQuotePageTest@47e2e487]" started-at="2024-01-02T07:44:53 EST" name="tearUp" finished-at="2024-01-02T07:44:53 EST" duration-ms="192" status="PASS">
          <reporter-output>
          </reporter-output>
        </test-method> <!-- tearUp -->
      </class> <!-- test.StartMyQuotePageTest -->
    </test> <!-- Default test -->
  </suite> <!-- Default suite -->
</testng-results>
